#
# There is insufficient memory for the Java Runtime Environment to continue.
# Native memory allocation (mmap) failed to map 4294967296 bytes for G1 virtual space
# Possible reasons:
#   The system is out of physical RAM or swap space
#   The process is running with CompressedOops enabled, and the Java Heap may be blocking the growth of the native heap
# Possible solutions:
#   Reduce memory load on the system
#   Increase physical memory or swap space
#   Check if swap backing store is full
#   Decrease Java heap size (-Xmx/-Xms)
#   Decrease number of Java threads
#   Decrease Java thread stack sizes (-Xss)
#   Set larger code cache with -XX:ReservedCodeCacheSize=
#   JVM is running with Zero Based Compressed Oops mode in which the Java heap is
#     placed in the first 32GB address space. The Java Heap base address is the
#     maximum limit for the native heap growth. Please use -XX:HeapBaseMinAddress
#     to set the Java Heap base and to place the Java Heap above 32GB virtual address.
# This output file may be truncated or incomplete.
#
#  Out of Memory Error (os_windows.cpp:3466), pid=18668, tid=14560
#
# JRE version:  (16.0.1+9) (build )
# Java VM: OpenJDK 64-Bit Server VM (16.0.1+9-24, mixed mode, sharing, tiered, compressed oops, compressed class ptrs, g1 gc, windows-amd64)
# No core dump will be written. Minidumps are not enabled by default on client versions of Windows
#

---------------  S U M M A R Y ------------

Command Line: -Xmx4G -Xms4G -Djava.library.path=C:\Users\user\Desktop\mcp940-2\jars\versions\1.12.2\1.12.2-natives -Dfile.encoding=MS932 -XX:+ShowCodeDetailsInExceptionMessages Start

Host: Intel(R) Celeron(R) CPU 1005M @ 1.90GHz, 2 cores, 7G,  Windows 10 , 64 bit Build 18362 (10.0.18362.1110)
Time: Wed Apr  6 13:59:56 2022 “Œ‹ž (•W€Žž) elapsed time: 0.096428 seconds (0d 0h 0m 0s)

---------------  T H R E A D  ---------------

Current thread (0x00000260504a5f50):  JavaThread "Unknown thread" [_thread_in_vm, id=14560, stack(0x000000ee35700000,0x000000ee35800000)]

Stack: [0x000000ee35700000,0x000000ee35800000]
Native frames: (J=compiled Java code, j=interpreted, Vv=VM code, C=native code)
V  [jvm.dll+0x6687ca]
V  [jvm.dll+0x7ca3c9]
V  [jvm.dll+0x7cbb53]
V  [jvm.dll+0x7cc1b3]
V  [jvm.dll+0x242ea5]
V  [jvm.dll+0x665589]
V  [jvm.dll+0x65a175]
V  [jvm.dll+0x2fc5ab]
V  [jvm.dll+0x3037a6]
V  [jvm.dll+0x352fee]
V  [jvm.dll+0x35321f]
V  [jvm.dll+0x2d3618]
V  [jvm.dll+0x2d4854]
V  [jvm.dll+0x79ccb1]
V  [jvm.dll+0x360de1]
V  [jvm.dll+0x77a990]
V  [jvm.dll+0x3e55af]
V  [jvm.dll+0x3e7081]
C  [jli.dll+0x52fb]
C  [ucrtbase.dll+0x210b2]
C  [KERNEL32.DLL+0x17c24]
C  [ntdll.dll+0x6cea1]


---------------  P R O C E S S  ---------------

Threads class SMR info:
_java_thread_list=0x00007fff97d6cbb8, length=0, elements={
}

Java Threads: ( => current thread )

Other Threads:
  0x00000260504f6f80 GCTaskThread "GC Thread#0" [stack: 0x000000ee35800000,0x000000ee35900000] [id=15160]
  0x00000260505090d0 ConcurrentGCThread "G1 Main Marker" [stack: 0x000000ee35900000,0x000000ee35a00000] [id=12228]
  0x000002605050a570 ConcurrentGCThread "G1 Conc#0" [stack: 0x000000ee35a00000,0x000000ee35b00000] [id=19444]

[error occurred during error reporting (printing all threads), id 0xc0000005, EXCEPTION_ACCESS_VIOLATION (0xc0000005) at pc=0x00007fff975444d7]

VM state: not at safepoint (not fully initialized)

VM Mutex/Monitor currently owned by a thread:  ([mutex/lock_event])
[0x00000260504a2810] Heap_lock - owner thread: 0x00000260504a5f50

Heap address: 0x0000000700000000, size: 4096 MB, Compressed Oops mode: Zero based, Oop shift amount: 3

CDS archive(s) mapped at: [0x0000000000000000-0x0000000000000000-0x0000000000000000), size 0, SharedBaseAddress: 0x0000000800000000, ArchiveRelocationMode: 0.
Narrow klass base: 0x0000000000000000, Narrow klass shift: 0, Narrow klass range: 0x0

GC Precious Log:
<Empty>

Heap:
 garbage-first heap   total 0K, used 0K [0x0000000700000000, 0x0000000800000000)
  region size 2048K, 0 young (0K), 0 survivors (0K)

[error occurred during error reporting (printing heap information), id 0xc0000005, EXCEPTION_ACCESS_VIOLATION (0xc0000005) at pc=0x00007fff979224ed]

GC Heap History (0 events):
No events

Deoptimization events (0 events):
No events

Classes unloaded (0 events):
No events

Classes redefined (0 events):
No events

Internal exceptions (0 events):
No events

Events (1 events):
Event: 0.059 Loaded shared library C:\Users\user\.p2\pool\plugins\org.eclipse.justj.openjdk.hotspot.jre.full.win32.x86_64_16.0.1.v20210528-1205\jre\bin\java.dll


Dynamic libraries:
0x00007ff63cd10000 - 0x00007ff63cd1e000 	C:\Users\user\.p2\pool\plugins\org.eclipse.justj.openjdk.hotspot.jre.full.win32.x86_64_16.0.1.v20210528-1205\jre\bin\javaw.exe
0x00007ffff6ee0000 - 0x00007ffff70d0000 	C:\Windows\SYSTEM32\ntdll.dll
0x00007ffff0e30000 - 0x00007ffff0e46000 	C:\Program Files\Avast Software\Avast\aswhook.dll
0x00007ffff6480000 - 0x00007ffff6532000 	C:\Windows\System32\KERNEL32.DLL
0x00007ffff40c0000 - 0x00007ffff4365000 	C:\Windows\System32\KERNELBASE.dll
0x00007ffff43c0000 - 0x00007ffff44ba000 	C:\Windows\System32\ucrtbase.dll
0x00007fffdf8e0000 - 0x00007fffdf8f8000 	C:\Users\user\.p2\pool\plugins\org.eclipse.justj.openjdk.hotspot.jre.full.win32.x86_64_16.0.1.v20210528-1205\jre\bin\jli.dll
0x00007ffff62e0000 - 0x00007ffff6474000 	C:\Windows\System32\USER32.dll
0x00007ffff4ec0000 - 0x00007ffff4ee1000 	C:\Windows\System32\win32u.dll
0x00007ffff66d0000 - 0x00007ffff66f6000 	C:\Windows\System32\GDI32.dll
0x00007ffff3ed0000 - 0x00007ffff4066000 	C:\Windows\System32\gdi32full.dll
0x00007ffff4ef0000 - 0x00007ffff4f8e000 	C:\Windows\System32\msvcp_win.dll
0x00007fffdf8c0000 - 0x00007fffdf8d9000 	C:\Users\user\.p2\pool\plugins\org.eclipse.justj.openjdk.hotspot.jre.full.win32.x86_64_16.0.1.v20210528-1205\jre\bin\VCRUNTIME140.dll
0x00007fffe7d80000 - 0x00007fffe8004000 	C:\Windows\WinSxS\amd64_microsoft.windows.common-controls_6595b64144ccf1df_6.0.18362.1139_none_9e7bf2d3e4605ac6\COMCTL32.dll
0x00007ffff5600000 - 0x00007ffff569e000 	C:\Windows\System32\msvcrt.dll
0x00007ffff6700000 - 0x00007ffff6a35000 	C:\Windows\System32\combase.dll
0x00007ffff60c0000 - 0x00007ffff61e0000 	C:\Windows\System32\RPCRT4.dll
0x00007ffff4cf0000 - 0x00007ffff4d70000 	C:\Windows\System32\bcryptPrimitives.dll
0x00007ffff5770000 - 0x00007ffff579e000 	C:\Windows\System32\IMM32.DLL
0x00007fffe2110000 - 0x00007fffe211c000 	C:\Users\user\.p2\pool\plugins\org.eclipse.justj.openjdk.hotspot.jre.full.win32.x86_64_16.0.1.v20210528-1205\jre\bin\vcruntime140_1.dll
0x00007fffb7030000 - 0x00007fffb70c1000 	C:\Users\user\.p2\pool\plugins\org.eclipse.justj.openjdk.hotspot.jre.full.win32.x86_64_16.0.1.v20210528-1205\jre\bin\msvcp140.dll
0x00007fff97260000 - 0x00007fff97e0b000 	C:\Users\user\.p2\pool\plugins\org.eclipse.justj.openjdk.hotspot.jre.full.win32.x86_64_16.0.1.v20210528-1205\jre\bin\server\jvm.dll
0x00007ffff6de0000 - 0x00007ffff6e83000 	C:\Windows\System32\ADVAPI32.dll
0x00007ffff6a40000 - 0x00007ffff6ad7000 	C:\Windows\System32\sechost.dll
0x00007ffff50d0000 - 0x00007ffff50d8000 	C:\Windows\System32\PSAPI.DLL
0x00007fffda3b0000 - 0x00007fffda3b9000 	C:\Windows\SYSTEM32\WSOCK32.dll
0x00007ffff5700000 - 0x00007ffff576f000 	C:\Windows\System32\WS2_32.dll
0x00007ffff2290000 - 0x00007ffff22b4000 	C:\Windows\SYSTEM32\WINMM.dll
0x00007fffebee0000 - 0x00007fffebeea000 	C:\Windows\SYSTEM32\VERSION.dll
0x00007ffff1e70000 - 0x00007ffff1e9d000 	C:\Windows\SYSTEM32\WINMMBASE.dll
0x00007ffff4070000 - 0x00007ffff40ba000 	C:\Windows\System32\cfgmgr32.dll
0x00007ffff3e50000 - 0x00007ffff3e61000 	C:\Windows\System32\kernel.appcore.dll
0x00007ffff1f30000 - 0x00007ffff1f3a000 	C:\Users\user\.p2\pool\plugins\org.eclipse.justj.openjdk.hotspot.jre.full.win32.x86_64_16.0.1.v20210528-1205\jre\bin\jimage.dll
0x00007fffebbd0000 - 0x00007fffebdc4000 	C:\Windows\SYSTEM32\DBGHELP.DLL
0x00007fffebba0000 - 0x00007fffebbca000 	C:\Windows\SYSTEM32\dbgcore.DLL
0x00007fffb0d30000 - 0x00007fffb0d55000 	C:\Users\user\.p2\pool\plugins\org.eclipse.justj.openjdk.hotspot.jre.full.win32.x86_64_16.0.1.v20210528-1205\jre\bin\java.dll

dbghelp: loaded successfully - version: 4.0.5 - missing functions: none
symbol engine: initialized successfully - sym options: 0x614 - pdb path: .;C:\Users\user\.p2\pool\plugins\org.eclipse.justj.openjdk.hotspot.jre.full.win32.x86_64_16.0.1.v20210528-1205\jre\bin;C:\Windows\SYSTEM32;C:\Program Files\Avast Software\Avast;C:\Windows\WinSxS\amd64_microsoft.windows.common-controls_6595b64144ccf1df_6.0.18362.1139_none_9e7bf2d3e4605ac6;C:\Users\user\.p2\pool\plugins\org.eclipse.justj.openjdk.hotspot.jre.full.win32.x86_64_16.0.1.v20210528-1205\jre\bin\server

VM Arguments:
jvm_args: -Xmx4G -Xms4G -Djava.library.path=C:\Users\user\Desktop\mcp940-2\jars\versions\1.12.2\1.12.2-natives -Dfile.encoding=MS932 -XX:+ShowCodeDetailsInExceptionMessages 
java_command: Start
java_class_path (initial): C:\Users\user\Desktop\mcp940-2\eclipse\Client\bin;C:\Users\user\Desktop\mcp940-2\jars\versions\1.12.2\1.12.2.jar;C:\Users\user\Desktop\mcp940-2\jars\libraries\com\mojang\patchy\1.2.3\patchy-1.2.3.jar;C:\Users\user\Desktop\mcp940-2\jars\libraries\oshi-project\oshi-core\1.1\oshi-core-1.1.jar;C:\Users\user\Desktop\mcp940-2\jars\libraries\net\java\dev\jna\jna\4.4.0\jna-4.4.0.jar;C:\Users\user\Desktop\mcp940-2\jars\libraries\net\java\dev\jna\platform\3.4.0\platform-3.4.0.jar;C:\Users\user\Desktop\mcp940-2\jars\libraries\com\ibm\icu\icu4j-core-mojang\51.2\icu4j-core-mojang-51.2.jar;C:\Users\user\Desktop\mcp940-2\jars\libraries\net\sf\jopt-simple\jopt-simple\5.0.3\jopt-simple-5.0.3.jar;C:\Users\user\Desktop\mcp940-2\jars\libraries\com\paulscode\codecjorbis\20101023\codecjorbis-20101023.jar;C:\Users\user\Desktop\mcp940-2\jars\libraries\com\paulscode\codecwav\20101023\codecwav-20101023.jar;C:\Users\user\Desktop\mcp940-2\jars\libraries\com\paulscode\libraryjavasound\20101123\libraryjavasound-20101123.jar;C:\Users\user\Desktop\mcp940-2\jars\libraries\com\paulscode\librarylwjglopenal\20100824\librarylwjglopenal-20100824.jar;C:\Users\user\Desktop\mcp940-2\jars\libraries\com\paulscode\soundsystem\20120107\soundsystem-20120107.jar;C:\Users\user\Desktop\mcp940-2\jars\libraries\io\netty\netty-all\4.1.9.Final\netty-all-4.1.9.Final.jar;C:\Users\user\Desktop\mcp940-2\jars\libraries\com\google\guava\guava\21.0\guava-21.0.jar;C:\Users\user\Desktop\mcp940-2\jars\libraries\org\apache\commons\commons-lang3\3.5\commons-lang3-3.5.jar;C:\Users\user\Desktop\mcp940-2\jars\libraries\commons-io\commons-io\2.5\commons-io-2.5.jar;C:\Users\user\Desktop\mcp940-2\jars\libraries\commons-codec\commons-codec\1.10\commons-codec-1.10.jar;C:\Users\user\Desktop\mcp940-2\jars\libraries\net\java\jinput\jinput\2.0.5\jinput-2.0.5.jar;C:\Users\user\Desktop\mcp940-2\jars\libraries\net\java\jutils\jutils\1.0.0\jutils-1.0.0.jar;C:\Users\user\Desktop\mcp940-2\jars\libraries\com\google\code
Launcher Type: SUN_STANDARD

[Global flags]
     intx CICompilerCount                          = 2                                         {product} {ergonomic}
     uint ConcGCThreads                            = 1                                         {product} {ergonomic}
     uint G1ConcRefinementThreads                  = 2                                         {product} {ergonomic}
   size_t G1HeapRegionSize                         = 2097152                                   {product} {ergonomic}
    uintx GCDrainStackTargetSize                   = 64                                        {product} {ergonomic}
   size_t InitialHeapSize                          = 4294967296                                {product} {command line}
   size_t MarkStackSize                            = 4194304                                   {product} {ergonomic}
   size_t MaxHeapSize                              = 4294967296                                {product} {command line}
   size_t MinHeapDeltaBytes                        = 2097152                                   {product} {ergonomic}
   size_t MinHeapSize                              = 4294967296                                {product} {command line}
    uintx NonNMethodCodeHeapSize                   = 5826188                                {pd product} {ergonomic}
    uintx NonProfiledCodeHeapSize                  = 122916026                              {pd product} {ergonomic}
    uintx ProfiledCodeHeapSize                     = 122916026                              {pd product} {ergonomic}
    uintx ReservedCodeCacheSize                    = 251658240                              {pd product} {ergonomic}
     bool SegmentedCodeCache                       = true                                      {product} {ergonomic}
     bool ShowCodeDetailsInExceptionMessages       = true                                   {manageable} {command line}
   size_t SoftMaxHeapSize                          = 4294967296                             {manageable} {ergonomic}
     bool UseCompressedClassPointers               = true                           {product lp64_product} {ergonomic}
     bool UseCompressedOops                        = true                           {product lp64_product} {ergonomic}
     bool UseG1GC                                  = true                                      {product} {ergonomic}
     bool UseLargePagesIndividualAllocation        = false                                  {pd product} {ergonomic}

Logging:
Log output configuration:
 #0: stdout all=warning uptime,level,tags
 #1: stderr all=off uptime,level,tags

Environment Variables:
PATH=C:/Users/user/.p2/pool/plugins/org.eclipse.justj.openjdk.hotspot.jre.full.win32.x86_64_16.0.1.v20210528-1205/jre/bin/server;C:/Users/user/.p2/pool/plugins/org.eclipse.justj.openjdk.hotspot.jre.full.win32.x86_64_16.0.1.v20210528-1205/jre/bin;C:\Program Files (x86)\PHP\;C:\Program Files\Microsoft MPI\Bin\;C:\ProgramData\Oracle\Java\javapath;C:\Program Files (x86)\Common Files\Oracle\Java\javapath;C:\Program Files (x86)\Common Files\Intel\Shared Libraries\redist\intel64\compiler;C:\Windows\system32;C:\Windows;C:\Windows\System32\Wbem;C:\Windows\System32\WindowsPowerShell\v1.0\;C:\Windows\System32\OpenSSH\;C:\Program Files\nodejs\;C:\Program Files\WorldPainter;C:\Program Files\Git\cmd;C:\Program Files\dotnet\;C:\Program Files (x86)\Microsoft SQL Server\150\DTS\Binn\;C:\Program Files\Microsoft SQL Server\150\DTS\Binn\;C:\Program Files\Microsoft SQL Server\Client SDK\ODBC\170\Tools\Binn\;C:\Program Files (x86)\Microsoft SQL Server\150\Tools\Binn\;C:\Program Files\Microsoft SQL Server\150\Tools\Binn\;C:\Users\user\AppData\Local\Programs\Python\Python38-32\Scripts\;C:\Users\user\AppData\Local\Programs\Python\Python38-32\;C:\Users\user\AppData\Local\Microsoft\WindowsApps;C:\Users\user\AppData\Roaming\npm;C:\Users\user\AppData\Local\GitHubDesktop\bin;C:\Users\user\AppData\Local\Programs\Microsoft VS Code\bin;C:\Windows\system32;;C:\Program Files (x86)\Bdrive\NetDrive3\x64\;C:\Program Files (x86)\Bdrive\NetDrive3\x64\
USERNAME=user
OS=Windows_NT
PROCESSOR_IDENTIFIER=Intel64 Family 6 Model 58 Stepping 9, GenuineIntel



---------------  S Y S T E M  ---------------

OS:
 Windows 10 , 64 bit Build 18362 (10.0.18362.1110)
OS uptime: 0 days 21:30 hours

CPU: total 2 (initial active 2) (2 cores per cpu, 1 threads per core) family 6 model 58 stepping 9 microcode 0x21, cx8, cmov, fxsr, mmx, sse, sse2, sse3, ssse3, sse4.1, sse4.2, popcnt, tsc, tscinvbit, erms, clmul, clflush

Memory: 4k page, system-wide physical 8106M (1369M free)
TotalPageFile size 14916M (AvailPageFile size 2787M)
current process WorkingSet (physical memory assigned to process): 10M, peak: 10M
current process commit charge ("private bytes"): 47M, peak: 4143M

vm_info: OpenJDK 64-Bit Server VM (16.0.1+9-24) for windows-amd64 JRE (16.0.1+9-24), built on Mar 26 2021 19:30:07 by "mach5one" with MS VC++ 16.7 (VS2019)

END.
